<?xml version="1.0" encoding="utf-8"?><testsuites name="pytest tests"><testsuite name="pytest" errors="0" failures="0" skipped="0" tests="10" time="0.652" timestamp="2026-08-25T09:19:11.279602+00:00" hostname="agent-env-7f2b5f29-bcc6-4356-b01c-38149a194d40"><testcase classname="backend.tests.test_smoke_iter26" name="test_earn_cards" time="0.237" /><testcase classname="backend.tests.test_smoke_iter26" name="test_banners" time="0.057" /><testcase classname="backend.tests.test_smoke_iter26" name="test_campaigns" time="0.053" /><testcase classname="backend.tests.test_smoke_iter26" name="test_auth_device_and_me" time="0.112" /><testcase classname="backend.tests.test_smoke_iter26" name="test_admin_login" time="0.055" /><testcase classname="backend.tests.test_smoke_iter26" name="test_admin_app_config" time="0.058" /><testcase classname="backend.tests.test_smoke_iter26" name="test_admin_earn_cards" time="0.054" /><testcase classname="backend.tests.test_smoke_iter26" name="test_app_json_valid" time="0.000" /><testcase classname="backend.tests.test_smoke_iter26" name="test_gitignore_no_env_lines" time="0.000" /><testcase classname="backend.tests.test_smoke_iter26" name="test_requirements_has_httpx" time="0.001" /></testsuite></testsuites>