<?xml version="1.0" encoding="utf-8"?><testsuites name="pytest tests"><testsuite name="pytest" errors="0" failures="0" skipped="0" tests="18" time="8.465" timestamp="2026-05-18T23:42:02.439955+00:00" hostname="agent-env-ba838b1a-c69c-48cc-8204-742dc0244ede"><testcase classname="test_iteration20_game_settings.TestAdminGameSettingsContract" name="test_get_requires_admin_auth" time="0.328" /><testcase classname="test_iteration20_game_settings.TestAdminGameSettingsContract" name="test_get_unauth_returns_401" time="0.118" /><testcase classname="test_iteration20_game_settings.TestAdminGameSettingsContract" name="test_get_returns_all_default_fields" time="0.123" /><testcase classname="test_iteration20_game_settings.TestAdminGameSettingsContract" name="test_put_partial_update_merges" time="0.357" /><testcase classname="test_iteration20_game_settings.TestAdminGameSettingsContract" name="test_put_validation_mega_chance" time="0.111" /><testcase classname="test_iteration20_game_settings.TestAdminGameSettingsContract" name="test_put_validation_empty_plinko_slots" time="0.139" /><testcase classname="test_iteration20_game_settings.TestAdminGameSettingsContract" name="test_put_validation_negative_plinko_slot" time="0.118" /><testcase classname="test_iteration20_game_settings.TestAdminGameSettingsContract" name="test_put_requires_admin" time="0.235" /><testcase classname="test_iteration20_game_settings.TestOverridesAppliedToGames" name="test_plinko_state_reflects_new_slots" time="0.448" /><testcase classname="test_iteration20_game_settings.TestOverridesAppliedToGames" name="test_coin_daily_cap_override" time="0.854" /><testcase classname="test_iteration20_game_settings.TestOverridesAppliedToGames" name="test_watch_reward_max_override" time="0.949" /><testcase classname="test_iteration20_game_settings.TestOverridesAppliedToGames" name="test_hl_streak3_reward_override" time="1.710" /><testcase classname="test_iteration20_game_settings.TestOverridesAppliedToGames" name="test_treasure_total_days_override" time="0.489" /><testcase classname="test_iteration20_game_settings.TestRegressionWithDefaults" name="test_coinmine_default" time="0.514" /><testcase classname="test_iteration20_game_settings.TestRegressionWithDefaults" name="test_plinko_default" time="0.473" /><testcase classname="test_iteration20_game_settings.TestRegressionWithDefaults" name="test_treasure_default" time="0.489" /><testcase classname="test_iteration20_game_settings.TestRegressionWithDefaults" name="test_hl_default" time="0.476" /><testcase classname="test_iteration20_game_settings.TestRegressionWithDefaults" name="test_watch_default" time="0.510" /></testsuite></testsuites>