<?xml version="1.0" encoding="utf-8"?><testsuites name="pytest tests"><testsuite name="pytest" errors="0" failures="0" skipped="0" tests="4" time="1.955" timestamp="2026-08-24T13:31:31.612375+00:00" hostname="agent-env-7f2b5f29-bcc6-4356-b01c-38149a194d40"><testcase classname="backend.tests.test_iteration25.TestBannerOptionalFields" name="test_create_banner_without_title_and_subtitle" time="0.935" /><testcase classname="backend.tests.test_iteration25.TestCampaignPin" name="test_pin_campaign_and_verify_sort" time="0.382" /><testcase classname="backend.tests.test_iteration25.TestGameRewardConfig" name="test_get_app_config_has_all_keys" time="0.143" /><testcase classname="backend.tests.test_iteration25.TestGameRewardConfig" name="test_update_daily_challenge_jackpot" time="0.468" /></testsuite></testsuites>