<?xml version="1.0" encoding="utf-8"?><testsuites name="pytest tests"><testsuite name="pytest" errors="0" failures="0" skipped="0" tests="3" time="1.267" timestamp="2026-05-09T21:59:57.094542+00:00" hostname="agent-env-2f30ec04-218e-4f72-8ced-3733e2f67cc1"><testcase classname="backend.tests.test_iteration14_smoke.TestReferralSettingsRoundTrip" name="test_put_tiers_and_sharing_text_persists" time="0.562" /><testcase classname="backend.tests.test_iteration14_smoke.TestAdminVersion" name="test_put_then_public_version_reflects" time="0.407" /><testcase classname="backend.tests.test_iteration14_smoke.TestAdminVersion" name="test_non_admin_put_403" time="0.274" /></testsuite></testsuites>