<?xml version="1.0" encoding="utf-8"?><testsuites name="pytest tests"><testsuite name="pytest" errors="0" failures="0" skipped="0" tests="6" time="2.286" timestamp="2026-05-10T19:18:55.469720+00:00" hostname="agent-env-2f30ec04-218e-4f72-8ced-3733e2f67cc1"><testcase classname="backend.tests.test_iteration15.TestAdminLogout" name="test_admin_logout_demotes_but_keeps_session" time="0.615" /><testcase classname="backend.tests.test_iteration15.TestAdminLogout" name="test_admin_logout_requires_auth" time="0.119" /><testcase classname="backend.tests.test_iteration15.TestAdminUsersSearch" name="test_search_by_user_id_returns_empty" time="0.372" /><testcase classname="backend.tests.test_iteration15.TestAdminUsersSearch" name="test_search_by_name_substring_matches" time="0.433" /><testcase classname="backend.tests.test_iteration15.TestAdminUsersSearch" name="test_search_by_mobile_substring_matches" time="0.353" /><testcase classname="backend.tests.test_iteration15.TestAdminUsersSearch" name="test_search_by_email_substring_returns_empty" time="0.367" /></testsuite></testsuites>