<?xml version="1.0" encoding="utf-8"?><testsuites name="pytest tests"><testsuite name="pytest" errors="0" failures="0" skipped="0" tests="6" time="1.850" timestamp="2026-05-11T12:08:00.891315+00:00" hostname="agent-env-2fc9941c-cf4d-4ef8-b0c4-9fdfcdbe478f"><testcase classname="backend.tests.test_anti_clone_device_auth" name="test_clone_same_fingerprint_diff_device_id_returns_same_user" time="0.431" /><testcase classname="backend.tests.test_anti_clone_device_auth" name="test_new_fingerprint_creates_new_user" time="0.261" /><testcase classname="backend.tests.test_anti_clone_device_auth" name="test_exact_device_id_match_returns_same_user" time="0.416" /><testcase classname="backend.tests.test_anti_clone_device_auth" name="test_no_fingerprint_still_works_returning_user" time="0.365" /><testcase classname="backend.tests.test_anti_clone_device_auth" name="test_no_fingerprint_diff_device_ids_create_separate_users" time="0.250" /><testcase classname="backend.tests.test_anti_clone_device_auth" name="test_invalid_short_device_id_rejected" time="0.103" /></testsuite></testsuites>