<?xml version="1.0" encoding="utf-8"?><testsuites name="pytest tests"><testsuite name="pytest" errors="0" failures="1" skipped="0" tests="16" time="5.218" timestamp="2026-05-09T21:36:11.274634+00:00" hostname="agent-env-2f30ec04-218e-4f72-8ced-3733e2f67cc1"><testcase classname="backend.tests.test_iteration13.TestVersion" name="test_public_version" time="0.153" /><testcase classname="backend.tests.test_iteration13.TestVersion" name="test_admin_version_put" time="0.395" /><testcase classname="backend.tests.test_iteration13.TestVersion" name="test_admin_version_put_forbidden_for_user" time="0.254" /><testcase classname="backend.tests.test_iteration13.TestAdminLoginPassword" name="test_old_password_rejected" time="0.233" /><testcase classname="backend.tests.test_iteration13.TestAdminLoginPassword" name="test_new_password_accepted_sets_altaf_and_6h_expiry" time="0.312" /><testcase classname="backend.tests.test_iteration13.TestAdminSessionExpiry" name="test_expired_session_demotes_on_me" time="0.269" /><testcase classname="backend.tests.test_iteration13.TestMobileFlow" name="test_set_mobile_validation" time="0.377" /><testcase classname="backend.tests.test_iteration13.TestMobileFlow" name="test_withdraw_blocked_without_mobile" time="0.240"><failure message="AssertionError: Expected 400 (mobile gating), got 200: {&quot;id&quot;:&quot;wdr_00c6681127&quot;,&quot;user_id&quot;:&quot;user_e5cf1ca68f3a&quot;,&quot;user_name&quot;:&quot;UserD5A2&quot;,&quot;user_email&quot;:&quot;TEST_dev_c@device.local&quot;,&quot;method&quot;:&quot;upi&quot;,&quot;points&quot;:100,&quot;inr_amount&quot;:1.0,&quot;upi_id&quot;:&quot;x@upi&quot;,&quot;bank_account&quot;:null,&quot;bank_ifsc&quot;:null,&quot;bank_holder&quot;:null,&quot;status&quot;:&quot;pending&quot;,&quot;admin_note&quot;:&quot;&quot;,&quot;created_at&quot;:&quot;2026-05-09T21:36:13.531089+00:00&quot;,&quot;updated_at&quot;:&quot;2026-05-09T21:36:13.531097+00:00&quot;}&#10;assert 200 == 400&#10; +  where 200 = &lt;Response [200]&gt;.status_code">E   AssertionError: Expected 400 (mobile gating), got 200: {"id":"wdr_00c6681127","user_id":"user_e5cf1ca68f3a","user_name":"UserD5A2","user_email":"TEST_dev_c@device.local","method":"upi","points":100,"inr_amount":1.0,"upi_id":"x@upi","bank_account":null,"bank_ifsc":null,"bank_holder":null,"status":"pending","admin_note":"","created_at":"2026-05-09T21:36:13.531089+00:00","updated_at":"2026-05-09T21:36:13.531097+00:00"}
    assert 200 == 400
     +  where 200 = &lt;Response [200]&gt;.status_code</failure></testcase><testcase classname="backend.tests.test_iteration13.TestMobileFlow" name="test_withdraw_succeeds_after_mobile_set" time="0.238" /><testcase classname="backend.tests.test_iteration13.TestAdminUserSearchMobile" name="test_search_by_mobile_substring" time="0.438" /><testcase classname="backend.tests.test_iteration13.TestReferrals" name="test_history_requires_auth" time="0.118" /><testcase classname="backend.tests.test_iteration13.TestReferrals" name="test_history_shape" time="0.243" /><testcase classname="backend.tests.test_iteration13.TestReferrals" name="test_admin_user_referrals" time="0.458" /><testcase classname="backend.tests.test_iteration13.TestReferrals" name="test_admin_user_referrals_forbidden_for_user" time="0.236" /><testcase classname="backend.tests.test_iteration13.TestReferrals" name="test_referral_settings_tiers_and_sharing_text" time="0.433" /><testcase classname="backend.tests.test_iteration13.TestTieredReferralPayout" name="test_3day_streak_pays_referrer_500" time="0.765" /></testsuite></testsuites>