<?xml version="1.0" encoding="utf-8"?><testsuites name="pytest tests"><testsuite name="pytest" errors="0" failures="0" skipped="0" tests="18" time="5.779" timestamp="2026-05-10T21:55:09.621404+00:00" hostname="agent-env-80cd08fe-348e-4f58-830b-75bc296f1627"><testcase classname="backend.tests.test_iteration17.TestSmokeBasics" name="test_banners" time="0.224" /><testcase classname="backend.tests.test_iteration17.TestSmokeBasics" name="test_campaigns" time="0.234" /><testcase classname="backend.tests.test_iteration17.TestSmokeBasics" name="test_links" time="0.168" /><testcase classname="backend.tests.test_iteration17.TestSmokeBasics" name="test_admob_settings" time="0.118" /><testcase classname="backend.tests.test_iteration17.TestSmokeBasics" name="test_auth_me_with_device" time="0.253" /><testcase classname="backend.tests.test_iteration17.TestAdminCanonicalAccount" name="test_admin_login_remaps_session_no_extra_user" time="0.525" /><testcase classname="backend.tests.test_iteration17.TestAdminCanonicalAccount" name="test_repeat_admin_login_does_not_create_duplicate" time="0.488" /><testcase classname="backend.tests.test_iteration17.TestAdminCanonicalAccount" name="test_admin_logout_restores_device_user" time="0.564" /><testcase classname="backend.tests.test_iteration17.TestAdminCanonicalAccount" name="test_repeat_login_logout_keeps_single_admin" time="0.805" /><testcase classname="backend.tests.test_iteration17.TestAdminUsersListing" name="test_admin_users_filtered_active" time="0.489" /><testcase classname="backend.tests.test_iteration17.TestAdminUsersListing" name="test_admin_users_unauth" time="0.104" /><testcase classname="backend.tests.test_iteration17.TestAdminUserDrillDowns" name="test_withdrawals_endpoint" time="0.380" /><testcase classname="backend.tests.test_iteration17.TestAdminUserDrillDowns" name="test_completions_endpoint" time="0.113" /><testcase classname="backend.tests.test_iteration17.TestAdminUserDrillDowns" name="test_checkins_endpoint" time="0.122" /><testcase classname="backend.tests.test_iteration17.TestAdminUserDrillDowns" name="test_referrals_endpoint_still_works" time="0.109" /><testcase classname="backend.tests.test_iteration17.TestAdminUserDrillDowns" name="test_transactions_endpoint_still_works" time="0.125" /><testcase classname="backend.tests.test_iteration17.TestAdminUserDrillDowns" name="test_drilldowns_require_admin_auth" time="0.367" /><testcase classname="backend.tests.test_iteration17.TestAdminUserDrillDowns" name="test_drilldowns_reject_non_admin" time="0.550" /></testsuite></testsuites>