<?xml version="1.0" encoding="utf-8"?><testsuites name="pytest tests"><testsuite name="pytest" errors="0" failures="0" skipped="0" tests="24" time="12.084" timestamp="2026-05-19T14:38:05.256982+00:00" hostname="agent-env-4ef64f83-9b92-4b05-8b76-a87fcf764a6c"><testcase classname="backend.tests.test_iteration21_taskmint.TestGameStateNoDailyLimit" name="test_tictactoe_state_plays_total_minus_one" time="0.166" /><testcase classname="backend.tests.test_iteration21_taskmint.TestGameStateNoDailyLimit" name="test_memory_state_plays_total_minus_one" time="0.131" /><testcase classname="backend.tests.test_iteration21_taskmint.TestGameStateNoDailyLimit" name="test_math_state_plays_total_minus_one" time="0.138" /><testcase classname="backend.tests.test_iteration21_taskmint.TestGameStateNoDailyLimit" name="test_hl_state_rounds_total_and_ad_refills_max_minus_one" time="0.105" /><testcase classname="backend.tests.test_iteration21_taskmint.TestMemoryReward" name="test_completed_reward_50_to_100" time="0.639" /><testcase classname="backend.tests.test_iteration21_taskmint.TestMemoryReward" name="test_not_completed_reward_zero" time="0.103" /><testcase classname="backend.tests.test_iteration21_taskmint.TestMathTieredReward" name="test_10_correct_reward_150" time="0.140" /><testcase classname="backend.tests.test_iteration21_taskmint.TestMathTieredReward" name="test_8_correct_reward_100" time="0.124" /><testcase classname="backend.tests.test_iteration21_taskmint.TestMathTieredReward" name="test_6_correct_reward_50" time="0.116" /><testcase classname="backend.tests.test_iteration21_taskmint.TestMathTieredReward" name="test_4_correct_reward_30" time="0.118" /><testcase classname="backend.tests.test_iteration21_taskmint.TestMathTieredReward" name="test_2_correct_reward_0" time="0.151" /><testcase classname="backend.tests.test_iteration21_taskmint.TestNoDailyLimitEnforcement" name="test_tictactoe_play_many_times" time="1.990" /><testcase classname="backend.tests.test_iteration21_taskmint.TestNoDailyLimitEnforcement" name="test_hl_start_no_ad_refill_many_times" time="1.983" /><testcase classname="backend.tests.test_iteration21_taskmint.TestWalletSplit" name="test_auth_me_returns_split_fields" time="0.135" /><testcase classname="backend.tests.test_iteration21_taskmint.TestWalletSplit" name="test_migration_runs_on_startup" time="4.549" /><testcase classname="backend.tests.test_iteration21_taskmint.TestWithdrawSplit" name="test_withdraw_games_task_deducts_only_games_task" time="0.139" /><testcase classname="backend.tests.test_iteration21_taskmint.TestWithdrawSplit" name="test_withdraw_campaign_deducts_only_campaign" time="0.115" /><testcase classname="backend.tests.test_iteration21_taskmint.TestWithdrawSplit" name="test_withdraw_insufficient_in_bucket_returns_400" time="0.126" /><testcase classname="backend.tests.test_iteration21_taskmint.TestWithdrawSplit" name="test_third_withdraw_in_a_day_blocked" time="0.394" /><testcase classname="backend.tests.test_iteration21_taskmint.TestTransactionCategoryFilter" name="test_category_field_returned" time="0.119" /><testcase classname="backend.tests.test_iteration21_taskmint.TestTransactionCategoryFilter" name="test_filter_campaign" time="0.136" /><testcase classname="backend.tests.test_iteration21_taskmint.TestTransactionCategoryFilter" name="test_filter_games_task_includes_legacy" time="0.159" /><testcase classname="backend.tests.test_iteration21_taskmint.TestAdminCampaignApprovalCredits" name="test_approval_increases_campaign_points_only" time="0.136" /><testcase classname="backend.tests.test_iteration21_taskmint.TestAdminWithdrawalsListSource" name="test_source_in_admin_withdrawals" time="0.146" /></testsuite></testsuites>