<?xml version="1.0" encoding="utf-8"?><testsuites name="pytest tests"><testsuite name="pytest" errors="0" failures="0" skipped="0" tests="8" time="5.157" timestamp="2026-05-11T14:29:49.818362+00:00" hostname="agent-env-2fc9941c-cf4d-4ef8-b0c4-9fdfcdbe478f"><testcase classname="backend.tests.test_iteration18.TestSpinRewardRange" name="test_5_spins_in_30_to_100" time="1.149" /><testcase classname="backend.tests.test_iteration18.TestScratchRewardRange" name="test_5_scratches_in_30_to_100" time="0.713" /><testcase classname="backend.tests.test_iteration18.TestSurveyRewardRange" name="test_5_surveys_in_30_to_100" time="0.465" /><testcase classname="backend.tests.test_iteration18.TestSurveyRewardRange" name="test_random_surveys_all_in_range" time="0.216" /><testcase classname="backend.tests.test_iteration18.TestQuizRewardRange" name="test_5_quizzes_in_30_to_100" time="0.586" /><testcase classname="backend.tests.test_iteration18.TestVisitRewardRange" name="test_first_completion_in_30_to_100" time="0.477" /><testcase classname="backend.tests.test_iteration18.TestWatchCycle" name="test_20_successes_then_21st_400_with_cooldown" time="1.160" /><testcase classname="backend.tests.test_iteration18.TestAuthMeExposesWatchCycleFields" name="test_fields_present_after_one_watch" time="0.346" /></testsuite></testsuites>