<?xml version="1.0" encoding="utf-8"?><testsuites name="pytest tests"><testsuite name="pytest" errors="0" failures="0" skipped="0" tests="12" time="2.267" timestamp="2026-05-10T21:08:07.683887+00:00" hostname="agent-env-80cd08fe-348e-4f58-830b-75bc296f1627"><testcase classname="backend.tests.test_iteration16.TestAdMobSettings" name="test_public_get_returns_keys" time="0.129" /><testcase classname="backend.tests.test_iteration16.TestAdMobSettings" name="test_admin_get_requires_auth" time="0.142" /><testcase classname="backend.tests.test_iteration16.TestAdMobSettings" name="test_admin_put_requires_auth" time="0.115" /><testcase classname="backend.tests.test_iteration16.TestAdMobSettings" name="test_admin_put_persists_and_public_reflects" time="0.355" /><testcase classname="backend.tests.test_iteration16.TestAdminUsers" name="test_active_filter_includes_today_and_excludes_others" time="0.211" /><testcase classname="backend.tests.test_iteration16.TestAdminUsers" name="test_user_detail_has_referrals_count" time="0.383" /><testcase classname="backend.tests.test_iteration16.TestAdminUsers" name="test_admin_users_admin_required" time="0.118" /><testcase classname="backend.tests.test_iteration16.TestSmokePreviousEndpoints" name="test_auth_me" time="0.175" /><testcase classname="backend.tests.test_iteration16.TestSmokePreviousEndpoints" name="test_banners" time="0.107" /><testcase classname="backend.tests.test_iteration16.TestSmokePreviousEndpoints" name="test_campaigns" time="0.238" /><testcase classname="backend.tests.test_iteration16.TestSmokePreviousEndpoints" name="test_links" time="0.122" /><testcase classname="backend.tests.test_iteration16.TestSmokePreviousEndpoints" name="test_withdraw_settings" time="0.127" /></testsuite></testsuites>