<?xml version="1.0" encoding="utf-8"?><testsuites name="pytest tests"><testsuite name="pytest" errors="0" failures="0" skipped="0" tests="15" time="7.965" timestamp="2026-05-11T15:46:49.141232+00:00" hostname="agent-env-ba838b1a-c69c-48cc-8204-742dc0244ede"><testcase classname="test_iteration19_games.TestWatchEarn" name="test_5_watches_then_cooldown" time="1.187" /><testcase classname="test_iteration19_games.TestCoinMine" name="test_state_initial" time="0.303" /><testcase classname="test_iteration19_games.TestCoinMine" name="test_tap_credits_and_respects_batch_cap" time="0.707" /><testcase classname="test_iteration19_games.TestCoinMine" name="test_tap_zero_returns_400" time="0.271" /><testcase classname="test_iteration19_games.TestCoinMine" name="test_refill_then_cooldown" time="0.680" /><testcase classname="test_iteration19_games.TestPlinko" name="test_state_initial" time="0.296" /><testcase classname="test_iteration19_games.TestPlinko" name="test_drop_5_then_limit" time="1.215" /><testcase classname="test_iteration19_games.TestTreasure" name="test_state_initial" time="0.337" /><testcase classname="test_iteration19_games.TestTreasure" name="test_reveal_once_per_day" time="0.724" /><testcase classname="test_iteration19_games.TestHigherLower" name="test_state_initial" time="0.268" /><testcase classname="test_iteration19_games.TestHigherLower" name="test_start_then_play_until_round_over" time="0.527" /><testcase classname="test_iteration19_games.TestHigherLower" name="test_cashout_requires_streak_3" time="0.569" /><testcase classname="test_iteration19_games.TestHigherLower" name="test_guess_without_active_round" time="0.267" /><testcase classname="test_iteration19_games.TestTransactionsPersistence" name="test_coinmine_creates_transaction" time="0.296" /><testcase classname="test_iteration19_games.TestTransactionsPersistence" name="test_treasure_creates_transaction" time="0.265" /></testsuite></testsuites>