<?xml version="1.0" encoding="utf-8"?><testsuites name="pytest tests"><testsuite name="pytest" errors="0" failures="0" skipped="0" tests="35" time="8.819" timestamp="2026-05-04T18:51:48.896694+00:00" hostname="agent-env-7c897ebd-50ac-4071-bcfc-9d7ae9bbcb62"><testcase classname="tests.test_taskmint_api.TestPublic" name="test_banners" time="0.264" /><testcase classname="tests.test_taskmint_api.TestPublic" name="test_campaigns" time="0.142" /><testcase classname="tests.test_taskmint_api.TestPublic" name="test_links" time="0.169" /><testcase classname="tests.test_taskmint_api.TestPublic" name="test_withdraw_settings_public" time="0.139" /><testcase classname="tests.test_taskmint_api.TestAuth" name="test_me_no_auth" time="0.105" /><testcase classname="tests.test_taskmint_api.TestAuth" name="test_me_with_bearer_updates_activity" time="0.125" /><testcase classname="tests.test_taskmint_api.TestAuth" name="test_session_invalid_id" time="0.230" /><testcase classname="tests.test_taskmint_api.TestSpinScratch" name="test_spin_50_to_100" time="0.159" /><testcase classname="tests.test_taskmint_api.TestSpinScratch" name="test_spin_limit" time="0.126" /><testcase classname="tests.test_taskmint_api.TestSpinScratch" name="test_scratch_50_to_100" time="0.113" /><testcase classname="tests.test_taskmint_api.TestSpinScratch" name="test_scratch_limit" time="0.126" /><testcase classname="tests.test_taskmint_api.TestCampaignPending" name="test_open_campaign_returns_link" time="0.324" /><testcase classname="tests.test_taskmint_api.TestCampaignPending" name="test_submit_campaign_creates_pending" time="0.182" /><testcase classname="tests.test_taskmint_api.TestCampaignPending" name="test_submit_campaign_duplicate_400" time="0.243" /><testcase classname="tests.test_taskmint_api.TestCampaignPending" name="test_open_campaign_not_found" time="0.110" /><testcase classname="tests.test_taskmint_api.TestCampaignPending" name="test_my_campaign_completions_filtered" time="0.258" /><testcase classname="tests.test_taskmint_api.TestWallet" name="test_transactions_desc" time="0.502" /><testcase classname="tests.test_taskmint_api.TestWithdraw" name="test_withdraw_below_min_first" time="0.172" /><testcase classname="tests.test_taskmint_api.TestWithdraw" name="test_withdraw_increments_total_withdrawn" time="0.260" /><testcase classname="tests.test_taskmint_api.TestWithdraw" name="test_withdraw_upi_required" time="0.121" /><testcase classname="tests.test_taskmint_api.TestWithdraw" name="test_withdraw_bank_required" time="0.144" /><testcase classname="tests.test_taskmint_api.TestAdminGating" name="test_non_admin_forbidden" time="0.471" /><testcase classname="tests.test_taskmint_api.TestAdminUsers" name="test_list_and_filter" time="0.296" /><testcase classname="tests.test_taskmint_api.TestAdminUsers" name="test_get_user_detail" time="0.499" /><testcase classname="tests.test_taskmint_api.TestAdminUsers" name="test_get_user_404" time="0.316" /><testcase classname="tests.test_taskmint_api.TestAdminUsers" name="test_adjust_points_add" time="0.379" /><testcase classname="tests.test_taskmint_api.TestAdminUsers" name="test_adjust_points_negative_ok" time="0.281" /><testcase classname="tests.test_taskmint_api.TestAdminUsers" name="test_adjust_points_below_zero_blocked" time="0.204" /><testcase classname="tests.test_taskmint_api.TestAdminCampaignCompletions" name="test_list_and_approve_credits" time="0.568" /><testcase classname="tests.test_taskmint_api.TestAdminCampaignCompletions" name="test_reject_no_credit" time="0.399" /><testcase classname="tests.test_taskmint_api.TestAdminWithdrawSettings" name="test_get_and_put" time="0.374" /><testcase classname="tests.test_taskmint_api.TestAdminBannersLinkUrl" name="test_create_with_link_url" time="0.163" /><testcase classname="tests.test_taskmint_api.TestAdminCampaignsLinkUrl" name="test_create_with_link_url" time="0.302" /><testcase classname="tests.test_taskmint_api.TestAdminLinksTelegramContact" name="test_telegram_contact_field" time="0.180" /><testcase classname="tests.test_taskmint_api.TestAdminStats" name="test_stats_includes_dau_and_pending_campaigns" time="0.286" /></testsuite></testsuites>